<?xml version="1.0" encoding="utf-8"?><testsuites name="pytest tests"><testsuite name="pytest" errors="0" failures="0" skipped="0" tests="76" time="28.778" timestamp="2026-05-13T05:57:40.074972+00:00" hostname="agent-env-1e1a2497-7f5a-49fd-839a-0da7ac925ddb"><testcase classname="tests.test_anchor_api.TestAuth" name="test_root" time="0.121" /><testcase classname="tests.test_anchor_api.TestAuth" name="test_login_or_register" time="0.274" /><testcase classname="tests.test_anchor_api.TestAuth" name="test_login_invalid" time="0.045" /><testcase classname="tests.test_anchor_api.TestAuth" name="test_register_duplicate" time="0.045" /><testcase classname="tests.test_anchor_api.TestAuth" name="test_me_with_token" time="0.046" /><testcase classname="tests.test_anchor_api.TestAuth" name="test_me_without_token" time="0.047" /><testcase classname="tests.test_anchor_api.TestSobriety" name="test_get_sobriety" time="0.048" /><testcase classname="tests.test_anchor_api.TestSobriety" name="test_patch_sobriety" time="0.089" /><testcase classname="tests.test_anchor_api.TestDiary" name="test_create_list_delete_diary" time="0.210" /><testcase classname="tests.test_anchor_api.TestDiary" name="test_diary_cross_user_isolation" time="0.408" /><testcase classname="tests.test_anchor_api.TestDiary" name="test_diary_rating_validation" time="0.042" /><testcase classname="tests.test_anchor_api.TestMeals" name="test_meal_crud_and_totals" time="0.222" /><testcase classname="tests.test_anchor_api.TestMeals" name="test_quick_water" time="0.180" /><testcase classname="tests.test_anchor_api.TestBloodTests" name="test_blood_crud" time="0.131" /><testcase classname="tests.test_anchor_api.TestBloodTests" name="test_blood_extract_from_image" time="4.783" /><testcase classname="tests.test_anchor_api.TestFoodLabel" name="test_food_label_analyze" time="2.111" /><testcase classname="tests.test_anchor_api.TestGoals" name="test_goals_crud" time="0.182" /><testcase classname="tests.test_anchor_api.TestGlossary" name="test_glossary_public" time="0.045" /><testcase classname="tests.test_anchor_api.TestDashboard" name="test_dashboard_shape" time="0.049" /><testcase classname="tests.test_iteration2.TestProfileUpdate" name="test_patch_profile_all_fields" time="0.137" /><testcase classname="tests.test_iteration2.TestProfileUpdate" name="test_patch_profile_bad_date" time="0.046" /><testcase classname="tests.test_iteration2.TestChangePassword" name="test_change_password_wrong_current" time="0.268" /><testcase classname="tests.test_iteration2.TestChangePassword" name="test_change_password_then_login_with_new" time="1.511" /><testcase classname="tests.test_iteration2.TestMedications" name="test_full_med_crud" time="0.276" /><testcase classname="tests.test_iteration2.TestMedications" name="test_med_cross_user_isolation" time="0.224" /><testcase classname="tests.test_iteration2.TestMedLogs" name="test_log_upsert_no_duplicates" time="0.361" /><testcase classname="tests.test_iteration2.TestMedLogs" name="test_log_filter_by_date_and_user_scope" time="0.273" /><testcase classname="tests.test_iteration2.TestMedLogs" name="test_delete_med_cascades_logs" time="0.217" /><testcase classname="tests.test_iteration2.TestWeeklyInsight" name="test_get_before_generate_may_be_null" time="0.046" /><testcase classname="tests.test_iteration2.TestWeeklyInsight" name="test_generate_weekly_insight" time="11.847" /><testcase classname="tests.test_iteration3.TestCrisis" name="test_reset_region_to_both" time="0.094" /><testcase classname="tests.test_iteration3.TestCrisis" name="test_crisis_no_region" time="0.092" /><testcase classname="tests.test_iteration3.TestCrisis" name="test_patch_region_us" time="0.135" /><testcase classname="tests.test_iteration3.TestCrisis" name="test_patch_region_uk" time="0.090" /><testcase classname="tests.test_iteration3.TestCrisis" name="test_patch_region_invalid" time="0.045" /><testcase classname="tests.test_iteration3.TestCrisis" name="test_crisis_requires_auth" time="0.045" /><testcase classname="tests.test_iteration3.TestReportsPDF" name="test_pdf_week_clinical" time="0.056" /><testcase classname="tests.test_iteration3.TestReportsPDF" name="test_pdf_month_full" time="0.055" /><testcase classname="tests.test_iteration3.TestReportsPDF" name="test_pdf_week_personal" time="0.059" /><testcase classname="tests.test_iteration3.TestReportsPDF" name="test_pdf_invalid_period" time="0.043" /><testcase classname="tests.test_iteration3.TestReportsPDF" name="test_pdf_invalid_scope" time="0.043" /><testcase classname="tests.test_iteration3.TestReportsPDF" name="test_pdf_no_auth" time="0.044" /><testcase classname="tests.test_iteration3.TestReportsPDF" name="test_pdf_filename_contains_period_scope" time="0.575" /><testcase classname="tests.test_iteration4.TestCorrelations" name="test_correlations_default_30" time="0.047" /><testcase classname="tests.test_iteration4.TestCorrelations" name="test_correlations_custom_days" time="0.044" /><testcase classname="tests.test_iteration4.TestCorrelations" name="test_correlations_out_of_range_high" time="0.043" /><testcase classname="tests.test_iteration4.TestCorrelations" name="test_correlations_out_of_range_low" time="0.043" /><testcase classname="tests.test_iteration4.TestCorrelations" name="test_correlations_unauth" time="0.042" /><testcase classname="tests.test_iteration4.TestCorrelations" name="test_correlations_n_lt_3_returns_null" time="0.043" /><testcase classname="tests.test_iteration4.TestShareLinksCRUD" name="test_create_summary_link" time="0.045" /><testcase classname="tests.test_iteration4.TestShareLinksCRUD" name="test_create_full_scope" time="0.046" /><testcase classname="tests.test_iteration4.TestShareLinksCRUD" name="test_create_invalid_scope" time="0.046" /><testcase classname="tests.test_iteration4.TestShareLinksCRUD" name="test_create_expires_zero" time="0.043" /><testcase classname="tests.test_iteration4.TestShareLinksCRUD" name="test_create_expires_91" time="0.045" /><testcase classname="tests.test_iteration4.TestShareLinksCRUD" name="test_list_share_links" time="0.049" /><testcase classname="tests.test_iteration4.TestShareLinksCRUD" name="test_list_isolated_to_user" time="0.044" /><testcase classname="tests.test_iteration4.TestShareLinksCRUD" name="test_delete_revoke" time="0.128" /><testcase classname="tests.test_iteration4.TestShareLinksCRUD" name="test_delete_other_user_link_404" time="0.087" /><testcase classname="tests.test_iteration4.TestSharedView" name="test_shared_404" time="0.045" /><testcase classname="tests.test_iteration4.TestSharedView" name="test_shared_public_summary" time="0.146" /><testcase classname="tests.test_iteration4.TestSharedView" name="test_shared_full_scope_returns_diary" time="0.188" /><testcase classname="tests.test_iteration4.TestSharedView" name="test_shared_revoked_returns_410" time="0.209" /><testcase classname="tests.test_iteration4.TestSharedView" name="test_shared_expired_returns_410" time="0.149" /><testcase classname="tests.test_iteration5.TestReportsEmail" name="test_email_report_unauth" time="0.048" /><testcase classname="tests.test_iteration5.TestReportsEmail" name="test_email_report_invalid_period" time="0.044" /><testcase classname="tests.test_iteration5.TestReportsEmail" name="test_email_report_invalid_scope" time="0.049" /><testcase classname="tests.test_iteration5.TestReportsEmail" name="test_email_report_test_mode_friendly_400" time="0.303" /><testcase classname="tests.test_iteration5.TestReportsEmail" name="test_email_report_happy_path" time="0.295" /><testcase classname="tests.test_iteration5.TestInsightDigestEmail" name="test_digest_unauth" time="0.052" /><testcase classname="tests.test_iteration5.TestInsightDigestEmail" name="test_digest_no_cached_insight" time="0.043" /><testcase classname="tests.test_iteration5.TestInsightDigestEmail" name="test_digest_with_cached_insight_test_mode_400" time="0.198" /><testcase classname="tests.test_iteration5.TestMilestones" name="test_milestones_unauth" time="0.044" /><testcase classname="tests.test_iteration5.TestMilestones" name="test_milestones_shape" time="0.047" /><testcase classname="tests.test_iteration5.TestMilestones" name="test_milestones_cross_user_isolation" time="0.233" /><testcase classname="tests.test_iteration5.TestCommunityAverages" name="test_community_unauth" time="0.043" /><testcase classname="tests.test_iteration5.TestCommunityAverages" name="test_community_shape_and_privacy" time="0.049" /></testsuite></testsuites>