<?xml version="1.0" encoding="utf-8"?><testsuites name="pytest tests"><testsuite name="pytest" errors="0" failures="0" skipped="0" tests="11" time="17.142" timestamp="2026-05-13T05:13:05.816387+00:00" hostname="agent-env-1e1a2497-7f5a-49fd-839a-0da7ac925ddb"><testcase classname="backend.tests.test_iteration2.TestProfileUpdate" name="test_patch_profile_all_fields" time="0.827" /><testcase classname="backend.tests.test_iteration2.TestProfileUpdate" name="test_patch_profile_bad_date" time="0.077" /><testcase classname="backend.tests.test_iteration2.TestChangePassword" name="test_change_password_wrong_current" time="0.411" /><testcase classname="backend.tests.test_iteration2.TestChangePassword" name="test_change_password_then_login_with_new" time="2.109" /><testcase classname="backend.tests.test_iteration2.TestMedications" name="test_full_med_crud" time="0.494" /><testcase classname="backend.tests.test_iteration2.TestMedications" name="test_med_cross_user_isolation" time="0.700" /><testcase classname="backend.tests.test_iteration2.TestMedLogs" name="test_log_upsert_no_duplicates" time="0.568" /><testcase classname="backend.tests.test_iteration2.TestMedLogs" name="test_log_filter_by_date_and_user_scope" time="0.503" /><testcase classname="backend.tests.test_iteration2.TestMedLogs" name="test_delete_med_cascades_logs" time="0.399" /><testcase classname="backend.tests.test_iteration2.TestWeeklyInsight" name="test_get_before_generate_may_be_null" time="0.079" /><testcase classname="backend.tests.test_iteration2.TestWeeklyInsight" name="test_generate_weekly_insight" time="10.927" /></testsuite></testsuites>