<?xml version="1.0" encoding="utf-8"?><testsuites name="pytest tests"><testsuite name="pytest" errors="0" failures="0" skipped="0" tests="19" time="9.057" timestamp="2026-05-13T05:13:27.073878+00:00" hostname="agent-env-1e1a2497-7f5a-49fd-839a-0da7ac925ddb"><testcase classname="backend.tests.test_anchor_api.TestAuth" name="test_root" time="0.156" /><testcase classname="backend.tests.test_anchor_api.TestAuth" name="test_login_or_register" time="0.270" /><testcase classname="backend.tests.test_anchor_api.TestAuth" name="test_login_invalid" time="0.055" /><testcase classname="backend.tests.test_anchor_api.TestAuth" name="test_register_duplicate" time="0.049" /><testcase classname="backend.tests.test_anchor_api.TestAuth" name="test_me_with_token" time="0.048" /><testcase classname="backend.tests.test_anchor_api.TestAuth" name="test_me_without_token" time="0.043" /><testcase classname="backend.tests.test_anchor_api.TestSobriety" name="test_get_sobriety" time="0.048" /><testcase classname="backend.tests.test_anchor_api.TestSobriety" name="test_patch_sobriety" time="0.093" /><testcase classname="backend.tests.test_anchor_api.TestDiary" name="test_create_list_delete_diary" time="0.198" /><testcase classname="backend.tests.test_anchor_api.TestDiary" name="test_diary_cross_user_isolation" time="0.410" /><testcase classname="backend.tests.test_anchor_api.TestDiary" name="test_diary_rating_validation" time="0.047" /><testcase classname="backend.tests.test_anchor_api.TestMeals" name="test_meal_crud_and_totals" time="0.223" /><testcase classname="backend.tests.test_anchor_api.TestMeals" name="test_quick_water" time="0.184" /><testcase classname="backend.tests.test_anchor_api.TestBloodTests" name="test_blood_crud" time="0.138" /><testcase classname="backend.tests.test_anchor_api.TestBloodTests" name="test_blood_extract_from_image" time="4.527" /><testcase classname="backend.tests.test_anchor_api.TestFoodLabel" name="test_food_label_analyze" time="2.196" /><testcase classname="backend.tests.test_anchor_api.TestGoals" name="test_goals_crud" time="0.178" /><testcase classname="backend.tests.test_anchor_api.TestGlossary" name="test_glossary_public" time="0.044" /><testcase classname="backend.tests.test_anchor_api.TestDashboard" name="test_dashboard_shape" time="0.048" /></testsuite></testsuites>