<?xml version="1.0" encoding="utf-8"?><testsuites name="pytest tests"><testsuite name="pytest" errors="0" failures="0" skipped="0" tests="63" time="46.322" timestamp="2026-05-13T05:31:38.783984+00:00" hostname="agent-env-1e1a2497-7f5a-49fd-839a-0da7ac925ddb"><testcase classname="backend.tests.test_anchor_api.TestAuth" name="test_root" time="0.126" /><testcase classname="backend.tests.test_anchor_api.TestAuth" name="test_login_or_register" time="0.271" /><testcase classname="backend.tests.test_anchor_api.TestAuth" name="test_login_invalid" time="0.048" /><testcase classname="backend.tests.test_anchor_api.TestAuth" name="test_register_duplicate" time="0.046" /><testcase classname="backend.tests.test_anchor_api.TestAuth" name="test_me_with_token" time="0.046" /><testcase classname="backend.tests.test_anchor_api.TestAuth" name="test_me_without_token" time="0.045" /><testcase classname="backend.tests.test_anchor_api.TestSobriety" name="test_get_sobriety" time="0.046" /><testcase classname="backend.tests.test_anchor_api.TestSobriety" name="test_patch_sobriety" time="0.094" /><testcase classname="backend.tests.test_anchor_api.TestDiary" name="test_create_list_delete_diary" time="0.187" /><testcase classname="backend.tests.test_anchor_api.TestDiary" name="test_diary_cross_user_isolation" time="0.421" /><testcase classname="backend.tests.test_anchor_api.TestDiary" name="test_diary_rating_validation" time="0.044" /><testcase classname="backend.tests.test_anchor_api.TestMeals" name="test_meal_crud_and_totals" time="0.240" /><testcase classname="backend.tests.test_anchor_api.TestMeals" name="test_quick_water" time="0.184" /><testcase classname="backend.tests.test_anchor_api.TestBloodTests" name="test_blood_crud" time="0.141" /><testcase classname="backend.tests.test_anchor_api.TestBloodTests" name="test_blood_extract_from_image" time="5.606" /><testcase classname="backend.tests.test_anchor_api.TestFoodLabel" name="test_food_label_analyze" time="2.072" /><testcase classname="backend.tests.test_anchor_api.TestGoals" name="test_goals_crud" time="0.236" /><testcase classname="backend.tests.test_anchor_api.TestGlossary" name="test_glossary_public" time="0.046" /><testcase classname="backend.tests.test_anchor_api.TestDashboard" name="test_dashboard_shape" time="0.048" /><testcase classname="backend.tests.test_iteration2.TestProfileUpdate" name="test_patch_profile_all_fields" time="0.142" /><testcase classname="backend.tests.test_iteration2.TestProfileUpdate" name="test_patch_profile_bad_date" time="0.048" /><testcase classname="backend.tests.test_iteration2.TestChangePassword" name="test_change_password_wrong_current" time="0.270" /><testcase classname="backend.tests.test_iteration2.TestChangePassword" name="test_change_password_then_login_with_new" time="1.549" /><testcase classname="backend.tests.test_iteration2.TestMedications" name="test_full_med_crud" time="0.280" /><testcase classname="backend.tests.test_iteration2.TestMedications" name="test_med_cross_user_isolation" time="0.225" /><testcase classname="backend.tests.test_iteration2.TestMedLogs" name="test_log_upsert_no_duplicates" time="0.351" /><testcase classname="backend.tests.test_iteration2.TestMedLogs" name="test_log_filter_by_date_and_user_scope" time="0.271" /><testcase classname="backend.tests.test_iteration2.TestMedLogs" name="test_delete_med_cascades_logs" time="0.222" /><testcase classname="backend.tests.test_iteration2.TestWeeklyInsight" name="test_get_before_generate_may_be_null" time="0.046" /><testcase classname="backend.tests.test_iteration2.TestWeeklyInsight" name="test_generate_weekly_insight" time="9.460" /><testcase classname="backend.tests.test_iteration3.TestCrisis" name="test_reset_region_to_both" time="0.095" /><testcase classname="backend.tests.test_iteration3.TestCrisis" name="test_crisis_no_region" time="0.093" /><testcase classname="backend.tests.test_iteration3.TestCrisis" name="test_patch_region_us" time="0.136" /><testcase classname="backend.tests.test_iteration3.TestCrisis" name="test_patch_region_uk" time="0.093" /><testcase classname="backend.tests.test_iteration3.TestCrisis" name="test_patch_region_invalid" time="0.050" /><testcase classname="backend.tests.test_iteration3.TestCrisis" name="test_crisis_requires_auth" time="0.043" /><testcase classname="backend.tests.test_iteration3.TestReportsPDF" name="test_pdf_week_clinical" time="0.055" /><testcase classname="backend.tests.test_iteration3.TestReportsPDF" name="test_pdf_month_full" time="0.055" /><testcase classname="backend.tests.test_iteration3.TestReportsPDF" name="test_pdf_week_personal" time="0.051" /><testcase classname="backend.tests.test_iteration3.TestReportsPDF" name="test_pdf_invalid_period" time="0.045" /><testcase classname="backend.tests.test_iteration3.TestReportsPDF" name="test_pdf_invalid_scope" time="0.052" /><testcase classname="backend.tests.test_iteration3.TestReportsPDF" name="test_pdf_no_auth" time="0.044" /><testcase classname="backend.tests.test_iteration3.TestReportsPDF" name="test_pdf_filename_contains_period_scope" time="17.773" /><testcase classname="backend.tests.test_iteration4.TestCorrelations" name="test_correlations_default_30" time="0.050" /><testcase classname="backend.tests.test_iteration4.TestCorrelations" name="test_correlations_custom_days" time="0.047" /><testcase classname="backend.tests.test_iteration4.TestCorrelations" name="test_correlations_out_of_range_high" time="0.045" /><testcase classname="backend.tests.test_iteration4.TestCorrelations" name="test_correlations_out_of_range_low" time="0.046" /><testcase classname="backend.tests.test_iteration4.TestCorrelations" name="test_correlations_unauth" time="0.045" /><testcase classname="backend.tests.test_iteration4.TestCorrelations" name="test_correlations_n_lt_3_returns_null" time="0.046" /><testcase classname="backend.tests.test_iteration4.TestShareLinksCRUD" name="test_create_summary_link" time="0.056" /><testcase classname="backend.tests.test_iteration4.TestShareLinksCRUD" name="test_create_full_scope" time="0.044" /><testcase classname="backend.tests.test_iteration4.TestShareLinksCRUD" name="test_create_invalid_scope" time="0.043" /><testcase classname="backend.tests.test_iteration4.TestShareLinksCRUD" name="test_create_expires_zero" time="0.044" /><testcase classname="backend.tests.test_iteration4.TestShareLinksCRUD" name="test_create_expires_91" time="0.045" /><testcase classname="backend.tests.test_iteration4.TestShareLinksCRUD" name="test_list_share_links" time="0.044" /><testcase classname="backend.tests.test_iteration4.TestShareLinksCRUD" name="test_list_isolated_to_user" time="0.050" /><testcase classname="backend.tests.test_iteration4.TestShareLinksCRUD" name="test_delete_revoke" time="0.134" /><testcase classname="backend.tests.test_iteration4.TestShareLinksCRUD" name="test_delete_other_user_link_404" time="0.091" /><testcase classname="backend.tests.test_iteration4.TestSharedView" name="test_shared_404" time="0.047" /><testcase classname="backend.tests.test_iteration4.TestSharedView" name="test_shared_public_summary" time="0.212" /><testcase classname="backend.tests.test_iteration4.TestSharedView" name="test_shared_full_scope_returns_diary" time="3.303" /><testcase classname="backend.tests.test_iteration4.TestSharedView" name="test_shared_revoked_returns_410" time="0.240" /><testcase classname="backend.tests.test_iteration4.TestSharedView" name="test_shared_expired_returns_410" time="0.154" /></testsuite></testsuites>