<?xml version="1.0" encoding="utf-8"?><testsuites name="pytest tests"><testsuite name="pytest" errors="0" failures="0" skipped="0" tests="43" time="23.207" timestamp="2026-05-13T05:23:43.839400+00:00" hostname="agent-env-1e1a2497-7f5a-49fd-839a-0da7ac925ddb"><testcase classname="backend.tests.test_iteration3.TestCrisis" name="test_reset_region_to_both" time="0.595" /><testcase classname="backend.tests.test_iteration3.TestCrisis" name="test_crisis_no_region" time="0.109" /><testcase classname="backend.tests.test_iteration3.TestCrisis" name="test_patch_region_us" time="0.167" /><testcase classname="backend.tests.test_iteration3.TestCrisis" name="test_patch_region_uk" time="0.118" /><testcase classname="backend.tests.test_iteration3.TestCrisis" name="test_patch_region_invalid" time="0.050" /><testcase classname="backend.tests.test_iteration3.TestCrisis" name="test_crisis_requires_auth" time="0.049" /><testcase classname="backend.tests.test_iteration3.TestReportsPDF" name="test_pdf_week_clinical" time="0.070" /><testcase classname="backend.tests.test_iteration3.TestReportsPDF" name="test_pdf_month_full" time="0.057" /><testcase classname="backend.tests.test_iteration3.TestReportsPDF" name="test_pdf_week_personal" time="0.059" /><testcase classname="backend.tests.test_iteration3.TestReportsPDF" name="test_pdf_invalid_period" time="0.059" /><testcase classname="backend.tests.test_iteration3.TestReportsPDF" name="test_pdf_invalid_scope" time="0.059" /><testcase classname="backend.tests.test_iteration3.TestReportsPDF" name="test_pdf_no_auth" time="0.052" /><testcase classname="backend.tests.test_iteration3.TestReportsPDF" name="test_pdf_filename_contains_period_scope" time="0.568" /><testcase classname="backend.tests.test_iteration2.TestProfileUpdate" name="test_patch_profile_all_fields" time="0.163" /><testcase classname="backend.tests.test_iteration2.TestProfileUpdate" name="test_patch_profile_bad_date" time="0.049" /><testcase classname="backend.tests.test_iteration2.TestChangePassword" name="test_change_password_wrong_current" time="0.282" /><testcase classname="backend.tests.test_iteration2.TestChangePassword" name="test_change_password_then_login_with_new" time="1.564" /><testcase classname="backend.tests.test_iteration2.TestMedications" name="test_full_med_crud" time="0.307" /><testcase classname="backend.tests.test_iteration2.TestMedications" name="test_med_cross_user_isolation" time="0.530" /><testcase classname="backend.tests.test_iteration2.TestMedLogs" name="test_log_upsert_no_duplicates" time="0.365" /><testcase classname="backend.tests.test_iteration2.TestMedLogs" name="test_log_filter_by_date_and_user_scope" time="0.305" /><testcase classname="backend.tests.test_iteration2.TestMedLogs" name="test_delete_med_cascades_logs" time="0.258" /><testcase classname="backend.tests.test_iteration2.TestWeeklyInsight" name="test_get_before_generate_may_be_null" time="0.054" /><testcase classname="backend.tests.test_iteration2.TestWeeklyInsight" name="test_generate_weekly_insight" time="9.062" /><testcase classname="backend.tests.test_anchor_api.TestAuth" name="test_root" time="0.052" /><testcase classname="backend.tests.test_anchor_api.TestAuth" name="test_login_or_register" time="0.000" /><testcase classname="backend.tests.test_anchor_api.TestAuth" name="test_login_invalid" time="0.050" /><testcase classname="backend.tests.test_anchor_api.TestAuth" name="test_register_duplicate" time="0.050" /><testcase classname="backend.tests.test_anchor_api.TestAuth" name="test_me_with_token" time="0.051" /><testcase classname="backend.tests.test_anchor_api.TestAuth" name="test_me_without_token" time="0.050" /><testcase classname="backend.tests.test_anchor_api.TestSobriety" name="test_get_sobriety" time="0.053" /><testcase classname="backend.tests.test_anchor_api.TestSobriety" name="test_patch_sobriety" time="0.103" /><testcase classname="backend.tests.test_anchor_api.TestDiary" name="test_create_list_delete_diary" time="0.205" /><testcase classname="backend.tests.test_anchor_api.TestDiary" name="test_diary_cross_user_isolation" time="0.155" /><testcase classname="backend.tests.test_anchor_api.TestDiary" name="test_diary_rating_validation" time="0.049" /><testcase classname="backend.tests.test_anchor_api.TestMeals" name="test_meal_crud_and_totals" time="0.270" /><testcase classname="backend.tests.test_anchor_api.TestMeals" name="test_quick_water" time="0.201" /><testcase classname="backend.tests.test_anchor_api.TestBloodTests" name="test_blood_crud" time="0.159" /><testcase classname="backend.tests.test_anchor_api.TestBloodTests" name="test_blood_extract_from_image" time="4.236" /><testcase classname="backend.tests.test_anchor_api.TestFoodLabel" name="test_food_label_analyze" time="2.180" /><testcase classname="backend.tests.test_anchor_api.TestGoals" name="test_goals_crud" time="0.215" /><testcase classname="backend.tests.test_anchor_api.TestGlossary" name="test_glossary_public" time="0.054" /><testcase classname="backend.tests.test_anchor_api.TestDashboard" name="test_dashboard_shape" time="0.054" /></testsuite></testsuites>