<?xml version="1.0" encoding="utf-8"?><testsuites name="pytest tests"><testsuite name="pytest" errors="0" failures="1" skipped="0" tests="13" time="2.170" timestamp="2026-05-13T05:56:09.533017+00:00" hostname="agent-env-1e1a2497-7f5a-49fd-839a-0da7ac925ddb"><testcase classname="backend.tests.test_iteration5.TestReportsEmail" name="test_email_report_unauth" time="0.251" /><testcase classname="backend.tests.test_iteration5.TestReportsEmail" name="test_email_report_invalid_period" time="0.343" /><testcase classname="backend.tests.test_iteration5.TestReportsEmail" name="test_email_report_invalid_scope" time="0.050" /><testcase classname="backend.tests.test_iteration5.TestReportsEmail" name="test_email_report_test_mode_friendly_400" time="0.260" /><testcase classname="backend.tests.test_iteration5.TestReportsEmail" name="test_email_report_happy_path" time="0.277" /><testcase classname="backend.tests.test_iteration5.TestInsightDigestEmail" name="test_digest_unauth" time="0.050" /><testcase classname="backend.tests.test_iteration5.TestInsightDigestEmail" name="test_digest_no_cached_insight" time="0.325" /><testcase classname="backend.tests.test_iteration5.TestInsightDigestEmail" name="test_digest_with_cached_insight_test_mode_400" time="0.000"><failure message="KeyError: 'MONGO_URL'">backend/tests/test_iteration5.py:92: in test_digest_with_cached_insight_test_mode_400
    mongo_url = os.environ["MONGO_URL"]
                ^^^^^^^^^^^^^^^^^^^^^^^
&lt;frozen os&gt;:679: in __getitem__
    ???
E   KeyError: 'MONGO_URL'</failure></testcase><testcase classname="backend.tests.test_iteration5.TestMilestones" name="test_milestones_unauth" time="0.051" /><testcase classname="backend.tests.test_iteration5.TestMilestones" name="test_milestones_shape" time="0.052" /><testcase classname="backend.tests.test_iteration5.TestMilestones" name="test_milestones_cross_user_isolation" time="0.262" /><testcase classname="backend.tests.test_iteration5.TestCommunityAverages" name="test_community_unauth" time="0.050" /><testcase classname="backend.tests.test_iteration5.TestCommunityAverages" name="test_community_shape_and_privacy" time="0.061" /></testsuite></testsuites>