<?xml version="1.0" encoding="utf-8"?><testsuites name="pytest tests"><testsuite name="pytest" errors="0" failures="0" skipped="0" tests="20" time="2.533" timestamp="2026-05-13T05:31:22.393593+00:00" hostname="agent-env-1e1a2497-7f5a-49fd-839a-0da7ac925ddb"><testcase classname="backend.tests.test_iteration4.TestCorrelations" name="test_correlations_default_30" time="0.527" /><testcase classname="backend.tests.test_iteration4.TestCorrelations" name="test_correlations_custom_days" time="0.046" /><testcase classname="backend.tests.test_iteration4.TestCorrelations" name="test_correlations_out_of_range_high" time="0.046" /><testcase classname="backend.tests.test_iteration4.TestCorrelations" name="test_correlations_out_of_range_low" time="0.045" /><testcase classname="backend.tests.test_iteration4.TestCorrelations" name="test_correlations_unauth" time="0.068" /><testcase classname="backend.tests.test_iteration4.TestCorrelations" name="test_correlations_n_lt_3_returns_null" time="0.046" /><testcase classname="backend.tests.test_iteration4.TestShareLinksCRUD" name="test_create_summary_link" time="0.048" /><testcase classname="backend.tests.test_iteration4.TestShareLinksCRUD" name="test_create_full_scope" time="0.044" /><testcase classname="backend.tests.test_iteration4.TestShareLinksCRUD" name="test_create_invalid_scope" time="0.043" /><testcase classname="backend.tests.test_iteration4.TestShareLinksCRUD" name="test_create_expires_zero" time="0.042" /><testcase classname="backend.tests.test_iteration4.TestShareLinksCRUD" name="test_create_expires_91" time="0.046" /><testcase classname="backend.tests.test_iteration4.TestShareLinksCRUD" name="test_list_share_links" time="0.045" /><testcase classname="backend.tests.test_iteration4.TestShareLinksCRUD" name="test_list_isolated_to_user" time="0.327" /><testcase classname="backend.tests.test_iteration4.TestShareLinksCRUD" name="test_delete_revoke" time="0.132" /><testcase classname="backend.tests.test_iteration4.TestShareLinksCRUD" name="test_delete_other_user_link_404" time="0.086" /><testcase classname="backend.tests.test_iteration4.TestSharedView" name="test_shared_404" time="0.046" /><testcase classname="backend.tests.test_iteration4.TestSharedView" name="test_shared_public_summary" time="0.185" /><testcase classname="backend.tests.test_iteration4.TestSharedView" name="test_shared_full_scope_returns_diary" time="0.220" /><testcase classname="backend.tests.test_iteration4.TestSharedView" name="test_shared_revoked_returns_410" time="0.189" /><testcase classname="backend.tests.test_iteration4.TestSharedView" name="test_shared_expired_returns_410" time="0.189" /></testsuite></testsuites>